<?xml version="1.0" encoding="UTF-8"?>
<testng-results total="1" passed="1" failed="0" skipped="0">
  <reporter-output>
  </reporter-output>
  <suite started-at="2023-05-20T02:15:31Z" name="test.com.ascension.PriceTransparency1" finished-at="2023-05-20T02:16:53Z" duration-ms="81876">
    <groups>
    </groups>
    <test started-at="2023-05-20T02:15:31Z" name="Command line test" finished-at="2023-05-20T02:16:53Z" duration-ms="81876">
      <class name="test.com.ascension.PriceTransparency1">
        <test-method is-config="true" signature="setUpClass()[pri:0, instance:test.com.ascension.PriceTransparency1@167fdd33]" started-at="2023-05-19T21:15:31Z" name="setUpClass" finished-at="2023-05-19T21:15:31Z" duration-ms="174" status="PASS">
          <reporter-output>
          </reporter-output>
        </test-method> <!-- setUpClass -->
        <test-method is-config="true" signature="setUpMethod()[pri:0, instance:test.com.ascension.PriceTransparency1@167fdd33]" started-at="2023-05-19T21:15:31Z" name="setUpMethod" finished-at="2023-05-19T21:15:38Z" duration-ms="6262" status="PASS">
          <reporter-output>
          </reporter-output>
        </test-method> <!-- setUpMethod -->
        <test-method signature="testPriceTransparency()[pri:0, instance:test.com.ascension.PriceTransparency1@167fdd33]" started-at="2023-05-19T21:15:38Z" name="testPriceTransparency" finished-at="2023-05-19T21:16:53Z" duration-ms="75436" status="PASS">
          <reporter-output>
          </reporter-output>
        </test-method> <!-- testPriceTransparency -->
        <test-method is-config="true" signature="tearDownMethod()[pri:0, instance:test.com.ascension.PriceTransparency1@167fdd33]" started-at="2023-05-19T21:16:53Z" name="tearDownMethod" finished-at="2023-05-19T21:16:53Z" duration-ms="0" status="PASS">
          <reporter-output>
          </reporter-output>
        </test-method> <!-- tearDownMethod -->
        <test-method is-config="true" signature="tearDownClass()[pri:0, instance:test.com.ascension.PriceTransparency1@167fdd33]" started-at="2023-05-19T21:16:53Z" name="tearDownClass" finished-at="2023-05-19T21:16:53Z" duration-ms="0" status="PASS">
          <reporter-output>
          </reporter-output>
        </test-method> <!-- tearDownClass -->
      </class> <!-- test.com.ascension.PriceTransparency1 -->
    </test> <!-- Command line test -->
  </suite> <!-- test.com.ascension.PriceTransparency1 -->
</testng-results>
