<?xml version="1.0" encoding="UTF-8"?>
<testng-results skipped="0" failed="0" total="2" passed="2">
  <reporter-output>
  </reporter-output>
  <suite name="AmitaTest" duration-ms="48221" started-at="2023-05-17T22:04:09Z" finished-at="2023-05-17T22:04:57Z">
    <groups>
    </groups>
    <test name="Command line test" duration-ms="48221" started-at="2023-05-17T22:04:09Z" finished-at="2023-05-17T22:04:57Z">
      <class name="AmitaTest">
        <test-method status="PASS" signature="setUpClass()[pri:0, instance:AmitaTest@6e8dacdf]" name="setUpClass" is-config="true" duration-ms="6" started-at="2023-05-17T17:04:09Z" finished-at="2023-05-17T17:04:09Z">
          <reporter-output>
          </reporter-output>
        </test-method> <!-- setUpClass -->
        <test-method status="PASS" signature="setUpMethod()[pri:0, instance:AmitaTest@6e8dacdf]" name="setUpMethod" is-config="true" duration-ms="8954" started-at="2023-05-17T17:04:09Z" finished-at="2023-05-17T17:04:18Z">
          <reporter-output>
          </reporter-output>
        </test-method> <!-- setUpMethod -->
        <test-method status="PASS" signature="amita()[pri:0, instance:AmitaTest@6e8dacdf]" name="amita" duration-ms="8848" started-at="2023-05-17T17:04:18Z" finished-at="2023-05-17T17:04:27Z">
          <reporter-output>
          </reporter-output>
        </test-method> <!-- amita -->
        <test-method status="PASS" signature="tearDownMethod()[pri:0, instance:AmitaTest@6e8dacdf]" name="tearDownMethod" is-config="true" duration-ms="0" started-at="2023-05-17T17:04:27Z" finished-at="2023-05-17T17:04:27Z">
          <reporter-output>
          </reporter-output>
        </test-method> <!-- tearDownMethod -->
        <test-method status="PASS" signature="setUpMethod()[pri:0, instance:AmitaTest@6e8dacdf]" name="setUpMethod" is-config="true" duration-ms="4827" started-at="2023-05-17T17:04:27Z" finished-at="2023-05-17T17:04:32Z">
          <reporter-output>
          </reporter-output>
        </test-method> <!-- setUpMethod -->
        <test-method status="PASS" signature="amita1()[pri:0, instance:AmitaTest@6e8dacdf]" name="amita1" duration-ms="25577" started-at="2023-05-17T17:04:32Z" finished-at="2023-05-17T17:04:57Z">
          <reporter-output>
          </reporter-output>
        </test-method> <!-- amita1 -->
        <test-method status="PASS" signature="tearDownClass()[pri:0, instance:AmitaTest@6e8dacdf]" name="tearDownClass" is-config="true" duration-ms="1" started-at="2023-05-17T17:04:57Z" finished-at="2023-05-17T17:04:57Z">
          <reporter-output>
          </reporter-output>
        </test-method> <!-- tearDownClass -->
        <test-method status="PASS" signature="tearDownMethod()[pri:0, instance:AmitaTest@6e8dacdf]" name="tearDownMethod" is-config="true" duration-ms="0" started-at="2023-05-17T17:04:57Z" finished-at="2023-05-17T17:04:57Z">
          <reporter-output>
          </reporter-output>
        </test-method> <!-- tearDownMethod -->
      </class> <!-- AmitaTest -->
    </test> <!-- Command line test -->
  </suite> <!-- AmitaTest -->
</testng-results>
