<?xml version="1.0" encoding="UTF-8"?>
<testng-results total="1" passed="1" failed="0" skipped="0">
  <reporter-output>
  </reporter-output>
  <suite started-at="2023-05-23T03:06:38Z" name="test.com.CareerTest" finished-at="2023-05-23T03:06:51Z" duration-ms="13515">
    <groups>
    </groups>
    <test started-at="2023-05-23T03:06:38Z" name="Command line test" finished-at="2023-05-23T03:06:51Z" duration-ms="13515">
      <class name="test.com.CareerTest">
        <test-method is-config="true" signature="setUpClass()[pri:0, instance:test.com.CareerTest@77f99a05]" started-at="2023-05-22T22:06:38Z" name="setUpClass" finished-at="2023-05-22T22:06:38Z" duration-ms="13" status="PASS">
          <reporter-output>
          </reporter-output>
        </test-method> <!-- setUpClass -->
        <test-method is-config="true" signature="setUpMethod()[pri:0, instance:test.com.CareerTest@77f99a05]" started-at="2023-05-22T22:06:38Z" name="setUpMethod" finished-at="2023-05-22T22:06:40Z" duration-ms="1943" status="PASS">
          <reporter-output>
          </reporter-output>
        </test-method> <!-- setUpMethod -->
        <test-method signature="testCareesrTestCase()[pri:0, instance:test.com.CareerTest@77f99a05]" started-at="2023-05-22T22:06:40Z" name="testCareesrTestCase" finished-at="2023-05-22T22:06:51Z" duration-ms="11544" status="PASS">
          <reporter-output>
          </reporter-output>
        </test-method> <!-- testCareesrTestCase -->
        <test-method is-config="true" signature="tearDownClass()[pri:0, instance:test.com.CareerTest@77f99a05]" started-at="2023-05-22T22:06:51Z" name="tearDownClass" finished-at="2023-05-22T22:06:51Z" duration-ms="1" status="PASS">
          <reporter-output>
          </reporter-output>
        </test-method> <!-- tearDownClass -->
        <test-method is-config="true" signature="tearDownMethod()[pri:0, instance:test.com.CareerTest@77f99a05]" started-at="2023-05-22T22:06:51Z" name="tearDownMethod" finished-at="2023-05-22T22:06:51Z" duration-ms="0" status="PASS">
          <reporter-output>
          </reporter-output>
        </test-method> <!-- tearDownMethod -->
      </class> <!-- test.com.CareerTest -->
    </test> <!-- Command line test -->
  </suite> <!-- test.com.CareerTest -->
</testng-results>
