<?xml version="1.0" encoding="UTF-8"?>
<testng-results total="1" passed="1" failed="0" skipped="0">
  <reporter-output>
  </reporter-output>
  <suite started-at="2023-05-18T16:41:28Z" name="firstSeleniumTests.firstSelTest" finished-at="2023-05-18T16:41:50Z" duration-ms="22210">
    <groups>
    </groups>
    <test started-at="2023-05-18T16:41:28Z" name="Command line test" finished-at="2023-05-18T16:41:50Z" duration-ms="22210">
      <class name="firstSeleniumTests.firstSelTest">
        <test-method is-config="true" signature="setUpClass()[pri:0, instance:firstSeleniumTests.firstSelTest@6b9651f3]" started-at="2023-05-18T11:41:28Z" name="setUpClass" finished-at="2023-05-18T11:41:28Z" duration-ms="4" status="PASS">
          <reporter-output>
          </reporter-output>
        </test-method> <!-- setUpClass -->
        <test-method is-config="true" signature="setUpMethod()[pri:0, instance:firstSeleniumTests.firstSelTest@6b9651f3]" started-at="2023-05-18T11:41:28Z" name="setUpMethod" finished-at="2023-05-18T11:41:31Z" duration-ms="2835" status="PASS">
          <reporter-output>
          </reporter-output>
        </test-method> <!-- setUpMethod -->
        <test-method signature="OpenBrowser()[pri:0, instance:firstSeleniumTests.firstSelTest@6b9651f3]" started-at="2023-05-18T11:41:31Z" name="OpenBrowser" finished-at="2023-05-18T11:41:50Z" duration-ms="19363" status="PASS">
          <reporter-output>
          </reporter-output>
        </test-method> <!-- OpenBrowser -->
        <test-method is-config="true" signature="tearDownMethod()[pri:0, instance:firstSeleniumTests.firstSelTest@6b9651f3]" started-at="2023-05-18T11:41:50Z" name="tearDownMethod" finished-at="2023-05-18T11:41:50Z" duration-ms="1" status="PASS">
          <reporter-output>
          </reporter-output>
        </test-method> <!-- tearDownMethod -->
        <test-method is-config="true" signature="tearDownClass()[pri:0, instance:firstSeleniumTests.firstSelTest@6b9651f3]" started-at="2023-05-18T11:41:50Z" name="tearDownClass" finished-at="2023-05-18T11:41:50Z" duration-ms="0" status="PASS">
          <reporter-output>
          </reporter-output>
        </test-method> <!-- tearDownClass -->
      </class> <!-- firstSeleniumTests.firstSelTest -->
    </test> <!-- Command line test -->
  </suite> <!-- firstSeleniumTests.firstSelTest -->
</testng-results>
