<?xml version="1.0" encoding="UTF-8"?>
<testng-results total="1" passed="1" failed="0" skipped="0">
  <reporter-output>
  </reporter-output>
  <suite started-at="2023-05-09T17:01:06Z" name="test.com.itexps.SpecialtyCareTest" finished-at="2023-05-09T17:01:36Z" duration-ms="30167">
    <groups>
    </groups>
    <test started-at="2023-05-09T17:01:06Z" name="Command line test" finished-at="2023-05-09T17:01:36Z" duration-ms="30167">
      <class name="test.com.itexps.SpecialtyCareTest">
        <test-method is-config="true" signature="setUpClass()[pri:0, instance:test.com.itexps.SpecialtyCareTest@5bb21b69]" started-at="2023-05-09T12:01:06Z" name="setUpClass" finished-at="2023-05-09T12:01:06Z" duration-ms="5" status="PASS">
          <reporter-output>
          </reporter-output>
        </test-method> <!-- setUpClass -->
        <test-method is-config="true" signature="setUpMethod()[pri:0, instance:test.com.itexps.SpecialtyCareTest@5bb21b69]" started-at="2023-05-09T12:01:06Z" name="setUpMethod" finished-at="2023-05-09T12:01:07Z" duration-ms="1176" status="PASS">
          <reporter-output>
          </reporter-output>
        </test-method> <!-- setUpMethod -->
        <test-method signature="testSpecialtyCare()[pri:0, instance:test.com.itexps.SpecialtyCareTest@5bb21b69]" started-at="2023-05-09T12:01:07Z" name="testSpecialtyCare" finished-at="2023-05-09T12:01:36Z" duration-ms="28981" status="PASS">
          <reporter-output>
          </reporter-output>
        </test-method> <!-- testSpecialtyCare -->
        <test-method is-config="true" signature="tearDownClass()[pri:0, instance:test.com.itexps.SpecialtyCareTest@5bb21b69]" started-at="2023-05-09T12:01:36Z" name="tearDownClass" finished-at="2023-05-09T12:01:36Z" duration-ms="0" status="PASS">
          <reporter-output>
          </reporter-output>
        </test-method> <!-- tearDownClass -->
        <test-method is-config="true" signature="tearDownMethod()[pri:0, instance:test.com.itexps.SpecialtyCareTest@5bb21b69]" started-at="2023-05-09T12:01:36Z" name="tearDownMethod" finished-at="2023-05-09T12:01:36Z" duration-ms="0" status="PASS">
          <reporter-output>
          </reporter-output>
        </test-method> <!-- tearDownMethod -->
      </class> <!-- test.com.itexps.SpecialtyCareTest -->
    </test> <!-- Command line test -->
  </suite> <!-- test.com.itexps.SpecialtyCareTest -->
</testng-results>
